#
# There is insufficient memory for the Java Runtime Environment to continue.
# Native memory allocation (malloc) failed to allocate 2046576 bytes for Chunk::new
# Possible reasons:
#   The system is out of physical RAM or swap space
#   The process is running with CompressedOops enabled, and the Java Heap may be blocking the growth of the native heap
# Possible solutions:
#   Reduce memory load on the system
#   Increase physical memory or swap space
#   Check if swap backing store is full
#   Decrease Java heap size (-Xmx/-Xms)
#   Decrease number of Java threads
#   Decrease Java thread stack sizes (-Xss)
#   Set larger code cache with -XX:ReservedCodeCacheSize=
#   JVM is running with Unscaled Compressed Oops mode in which the Java heap is
#     placed in the first 4GB address space. The Java Heap base address is the
#     maximum limit for the native heap growth. Please use -XX:HeapBaseMinAddress
#     to set the Java Heap base and to place the Java Heap above 4GB virtual address.
# This output file may be truncated or incomplete.
#
#  Out of Memory Error (arena.cpp:189), pid=15196, tid=7752
#
# JRE version: OpenJDK Runtime Environment (17.0.6) (build 17.0.6+0-b2043.56-10027231)
# Java VM: OpenJDK 64-Bit Server VM (17.0.6+0-b2043.56-10027231, mixed mode, tiered, compressed oops, compressed class ptrs, g1 gc, windows-amd64)
# No core dump will be written. Minidumps are not enabled by default on client versions of Windows
#

---------------  S U M M A R Y ------------

Command Line: --add-opens=java.base/java.util=ALL-UNNAMED --add-opens=java.base/java.lang=ALL-UNNAMED --add-opens=java.base/java.lang.invoke=ALL-UNNAMED --add-opens=java.prefs/java.util.prefs=ALL-UNNAMED --add-opens=java.base/java.nio.charset=ALL-UNNAMED --add-opens=java.base/java.net=ALL-UNNAMED --add-opens=java.base/java.util.concurrent.atomic=ALL-UNNAMED -Xmx2048m -Dfile.encoding=UTF-8 -Duser.country=US -Duser.language=en -Duser.variant org.gradle.launcher.daemon.bootstrap.GradleDaemon 8.0

Host: Intel(R) Core(TM) i5-10210U CPU @ 1.60GHz, 8 cores, 3G,  Windows 10 , 64 bit Build 19041 (10.0.19041.3155)
Time: Tue Aug 22 14:18:20 2023 India Standard Time elapsed time: 28.914566 seconds (0d 0h 0m 28s)

---------------  T H R E A D  ---------------

Current thread (0x00000174a800dbd0):  JavaThread "C2 CompilerThread0" daemon [_thread_in_native, id=7752, stack(0x000000732f500000,0x000000732f600000)]


Current CompileTask:
C2:  28914 7209       4       org.codehaus.groovy.runtime.metaclass.MetaMethodIndex::addMethodToList (131 bytes)

Stack: [0x000000732f500000,0x000000732f600000]
Native frames: (J=compiled Java code, j=interpreted, Vv=VM code, C=native code)
V  [jvm.dll+0x683c9a]
V  [jvm.dll+0x8427a4]
V  [jvm.dll+0x843f9e]
V  [jvm.dll+0x844603]
V  [jvm.dll+0x249b75]
V  [jvm.dll+0xabcac]
V  [jvm.dll+0xac27c]
V  [jvm.dll+0x368802]
V  [jvm.dll+0x332f31]
V  [jvm.dll+0x3323da]
V  [jvm.dll+0x21c201]
V  [jvm.dll+0x21b621]
V  [jvm.dll+0x1a4fdd]
V  [jvm.dll+0x22b098]
V  [jvm.dll+0x229159]
V  [jvm.dll+0x7f81ec]
V  [jvm.dll+0x7f274a]
V  [jvm.dll+0x682ad5]
C  [ucrtbase.dll+0x21bb2]
C  [KERNEL32.DLL+0x17614]
C  [ntdll.dll+0x526b1]


---------------  P R O C E S S  ---------------

Threads class SMR info:
_java_thread_list=0x00000174aaf78530, length=126, elements={
0x000001748d8077f0, 0x00000174a763a340, 0x00000174a763c0d0, 0x00000174a7643980,
0x00000174a7645450, 0x00000174a7680010, 0x00000174a76808d0, 0x00000174a800dbd0,
0x00000174a800e580, 0x00000174a8011290, 0x00000174a81751f0, 0x00000174a818fda0,
0x00000174a9583050, 0x00000174a965fb80, 0x00000174a98200d0, 0x00000174a97e5770,
0x00000174a9aa5400, 0x00000174a9aaf8f0, 0x00000174a9aaef50, 0x00000174a9aafdc0,
0x00000174a9aacda0, 0x00000174a9ab0290, 0x00000174a9aad740, 0x00000174ab23aa40,
0x00000174ab23af10, 0x00000174ab237ef0, 0x00000174ab234ed0, 0x00000174ab237a20,
0x00000174ab23a0a0, 0x00000174ab238890, 0x00000174ab236210, 0x00000174ab235d40,
0x00000174ab2383c0, 0x00000174ab239700, 0x00000174ab234a00, 0x00000174ab239230,
0x00000174ab238d60, 0x00000174ab235870, 0x00000174ab239bd0, 0x00000174ab23b8b0,
0x00000174ab23a570, 0x00000174ab234530, 0x00000174ab2353a0, 0x00000174ab2366e0,
0x00000174ab236bb0, 0x00000174a9aaf420, 0x00000174a9ab0760, 0x00000174a9aae5b0,
0x00000174a9aaea80, 0x00000174a9aad270, 0x00000174a9aadc10, 0x00000174a9aae0e0,
0x00000174a8e63cf0, 0x00000174a8e611a0, 0x00000174a8e641c0, 0x00000174a8e5d7e0,
0x00000174a8e5fe60, 0x00000174a8e629b0, 0x00000174a8e60cd0, 0x00000174a8e62e80,
0x00000174a8e5f4c0, 0x00000174a8e61b40, 0x00000174a8e5e650, 0x00000174a8e5dcb0,
0x00000174a8e62010, 0x00000174a8e5e180, 0x00000174a8e5f990, 0x00000174a8e624e0,
0x00000174a8e5eb20, 0x00000174a8e60330, 0x00000174a8e5eff0, 0x00000174a8e63350,
0x00000174a8e63820, 0x00000174a8e61670, 0x00000174a8e60800, 0x00000174a8e5c970,
0x00000174a8e5ce40, 0x00000174a8e5d310, 0x00000174a8e90b00, 0x00000174a8e93b20,
0x00000174a8e8c7a0, 0x00000174a8e914a0, 0x00000174a8e93650, 0x00000174a8e90160,
0x00000174a8e91970, 0x00000174a8e93ff0, 0x00000174a8e8cc70, 0x00000174a8e8f2f0,
0x00000174a8e92310, 0x00000174a8e8d610, 0x00000174a8e91e40, 0x00000174a8e8d140,
0x00000174a8e927e0, 0x00000174a8e8e480, 0x00000174a8e92cb0, 0x00000174a8e8dae0,
0x00000174a8e93180, 0x00000174a8e8f7c0, 0x00000174a8e90630, 0x00000174a8e8ee20,
0x00000174a8e8dfb0, 0x00000174a8e8fc90, 0x00000174a8e8e950, 0x00000174a8e90fd0,
0x00000174a81beb50, 0x00000174a81c0d00, 0x00000174a81b9980, 0x00000174a81b9e50,
0x00000174a81bc4d0, 0x00000174a81be1b0, 0x00000174a81bf020, 0x00000174a81bf4f0,
0x00000174a81be680, 0x00000174a81ba7f0, 0x00000174a81c0830, 0x00000174a81bce70,
0x00000174a81bc9a0, 0x00000174a81ba320, 0x00000174a81bacc0, 0x00000174a81bf9c0,
0x00000174a81bfe90, 0x00000174a81c0360, 0x00000174a81c11d0, 0x00000174a81bb190,
0x00000174a81bb660, 0x00000174a81bbb30
}

Java Threads: ( => current thread )
  0x000001748d8077f0 JavaThread "main" [_thread_blocked, id=1312, stack(0x000000732e800000,0x000000732e900000)]
  0x00000174a763a340 JavaThread "Reference Handler" daemon [_thread_blocked, id=15792, stack(0x000000732ef00000,0x000000732f000000)]
  0x00000174a763c0d0 JavaThread "Finalizer" daemon [_thread_blocked, id=11556, stack(0x000000732f000000,0x000000732f100000)]
  0x00000174a7643980 JavaThread "Signal Dispatcher" daemon [_thread_blocked, id=12320, stack(0x000000732f100000,0x000000732f200000)]
  0x00000174a7645450 JavaThread "Attach Listener" daemon [_thread_blocked, id=12044, stack(0x000000732f200000,0x000000732f300000)]
  0x00000174a7680010 JavaThread "Service Thread" daemon [_thread_blocked, id=15096, stack(0x000000732f300000,0x000000732f400000)]
  0x00000174a76808d0 JavaThread "Monitor Deflation Thread" daemon [_thread_blocked, id=15544, stack(0x000000732f400000,0x000000732f500000)]
=>0x00000174a800dbd0 JavaThread "C2 CompilerThread0" daemon [_thread_in_native, id=7752, stack(0x000000732f500000,0x000000732f600000)]
  0x00000174a800e580 JavaThread "C1 CompilerThread0" daemon [_thread_blocked, id=10252, stack(0x000000732f600000,0x000000732f700000)]
  0x00000174a8011290 JavaThread "Sweeper thread" daemon [_thread_blocked, id=12832, stack(0x000000732f700000,0x000000732f800000)]
  0x00000174a81751f0 JavaThread "Common-Cleaner" daemon [_thread_blocked, id=16044, stack(0x000000732f800000,0x000000732f900000)]
  0x00000174a818fda0 JavaThread "Notification Thread" daemon [_thread_blocked, id=4180, stack(0x000000732f900000,0x000000732fa00000)]
  0x00000174a9583050 JavaThread "Daemon health stats" [_thread_blocked, id=1456, stack(0x000000732ff00000,0x0000007330000000)]
  0x00000174a965fb80 JavaThread "Incoming local TCP Connector on port 53315" [_thread_in_native, id=7208, stack(0x0000007330000000,0x0000007330100000)]
  0x00000174a98200d0 JavaThread "Daemon periodic checks" [_thread_blocked, id=10292, stack(0x0000007330400000,0x0000007330500000)]
  0x00000174a97e5770 JavaThread "Daemon" [_thread_blocked, id=7080, stack(0x0000007330500000,0x0000007330600000)]
  0x00000174a9aa5400 JavaThread "Daemon worker" [_thread_in_vm, id=1608, stack(0x0000007330800000,0x0000007330900000)]
  0x00000174a9aaf8f0 JavaThread "Cache worker for journal cache (C:\Users\prita\.gradle\caches\journal-1)" [_thread_blocked, id=7388, stack(0x0000007330d00000,0x0000007330e00000)]
  0x00000174a9aaef50 JavaThread "File lock request listener" [_thread_in_native, id=5208, stack(0x0000007330e00000,0x0000007330f00000)]
  0x00000174a9aafdc0 JavaThread "Cache worker for file hash cache (C:\Users\prita\.gradle\caches\8.0\fileHashes)" [_thread_blocked, id=12656, stack(0x0000007330f00000,0x0000007331000000)]
  0x00000174a9aacda0 JavaThread "File watcher server" daemon [_thread_in_native, id=16120, stack(0x0000007331000000,0x0000007331100000)]
  0x00000174a9ab0290 JavaThread "File watcher consumer" daemon [_thread_blocked, id=15248, stack(0x0000007331100000,0x0000007331200000)]
  0x00000174a9aad740 JavaThread "Cache worker for file content cache (C:\Users\prita\.gradle\caches\8.0\fileContent)" [_thread_blocked, id=10208, stack(0x0000007331400000,0x0000007331500000)]
  0x00000174ab23aa40 JavaThread "Cache worker for execution history cache (C:\Users\prita\.gradle\caches\8.0\executionHistory)" [_thread_blocked, id=6640, stack(0x0000007331700000,0x0000007331800000)]
  0x00000174ab23af10 JavaThread "jar transforms" [_thread_blocked, id=4232, stack(0x0000007331800000,0x0000007331900000)]
  0x00000174ab237ef0 JavaThread "jar transforms Thread 2" [_thread_blocked, id=8164, stack(0x0000007331900000,0x0000007331a00000)]
  0x00000174ab234ed0 JavaThread "Cache worker for kotlin-dsl (C:\Users\prita\.gradle\caches\8.0\kotlin-dsl)" [_thread_blocked, id=6344, stack(0x0000007331a00000,0x0000007331b00000)]
  0x00000174ab237a20 JavaThread "jar transforms Thread 3" [_thread_blocked, id=9956, stack(0x0000007331b00000,0x0000007331c00000)]
  0x00000174ab23a0a0 JavaThread "jar transforms Thread 4" [_thread_blocked, id=16256, stack(0x0000007331c00000,0x0000007331d00000)]
  0x00000174ab238890 JavaThread "Handler for socket connection from /127.0.0.1:53315 to /127.0.0.1:53352" [_thread_in_native, id=9668, stack(0x0000007330600000,0x0000007330700000)]
  0x00000174ab236210 JavaThread "Cancel handler" [_thread_blocked, id=11520, stack(0x0000007330700000,0x0000007330800000)]
  0x00000174ab235d40 JavaThread "Asynchronous log dispatcher for DefaultDaemonConnection: socket connection from /127.0.0.1:53315 to /127.0.0.1:53352" [_thread_blocked, id=7980, stack(0x0000007330900000,0x0000007330a00000)]
  0x00000174ab2383c0 JavaThread "Stdin handler" [_thread_blocked, id=15876, stack(0x0000007330a00000,0x0000007330b00000)]
  0x00000174ab239700 JavaThread "Daemon client event forwarder" [_thread_blocked, id=15632, stack(0x0000007330b00000,0x0000007330c00000)]
  0x00000174ab234a00 JavaThread "Cache worker for checksums cache (C:\Users\prita\AndroidStudioProjects\ChatBox\.gradle\8.0\checksums)" [_thread_blocked, id=15264, stack(0x0000007331200000,0x0000007331300000)]
  0x00000174ab239230 JavaThread "Cache worker for cache directory md-rule (C:\Users\prita\.gradle\caches\8.0\md-rule)" [_thread_blocked, id=1664, stack(0x0000007331300000,0x0000007331400000)]
  0x00000174ab238d60 JavaThread "Cache worker for file hash cache (C:\Users\prita\AndroidStudioProjects\ChatBox\.gradle\8.0\fileHashes)" [_thread_blocked, id=9656, stack(0x0000007331500000,0x0000007331600000)]
  0x00000174ab235870 JavaThread "Cache worker for cache directory md-supplier (C:\Users\prita\.gradle\caches\8.0\md-supplier)" [_thread_blocked, id=12156, stack(0x0000007331600000,0x0000007331700000)]
  0x00000174ab239bd0 JavaThread "Cache worker for dependencies-accessors (C:\Users\prita\AndroidStudioProjects\ChatBox\.gradle\8.0\dependencies-accessors)" [_thread_blocked, id=14860, stack(0x0000007331d00000,0x0000007331e00000)]
  0x00000174ab23b8b0 JavaThread "Cache worker for Build Output Cleanup Cache (C:\Users\prita\AndroidStudioProjects\ChatBox\.gradle\buildOutputCleanup)" [_thread_blocked, id=8172, stack(0x0000007331e00000,0x0000007331f00000)]
  0x00000174ab23a570 JavaThread "jar transforms Thread 5" [_thread_blocked, id=3984, stack(0x0000007331f00000,0x0000007332000000)]
  0x00000174ab234530 JavaThread "Unconstrained build operations" [_thread_blocked, id=10220, stack(0x0000007332000000,0x0000007332100000)]
  0x00000174ab2353a0 JavaThread "Unconstrained build operations Thread 2" [_thread_blocked, id=14212, stack(0x0000007332100000,0x0000007332200000)]
  0x00000174ab2366e0 JavaThread "Unconstrained build operations Thread 3" [_thread_blocked, id=8744, stack(0x0000007332200000,0x0000007332300000)]
  0x00000174ab236bb0 JavaThread "Unconstrained build operations Thread 4" [_thread_blocked, id=3564, stack(0x0000007332300000,0x0000007332400000)]
  0x00000174a9aaf420 JavaThread "Unconstrained build operations Thread 5" [_thread_blocked, id=12352, stack(0x0000007332400000,0x0000007332500000)]
  0x00000174a9ab0760 JavaThread "Unconstrained build operations Thread 6" [_thread_blocked, id=12840, stack(0x0000007332500000,0x0000007332600000)]
  0x00000174a9aae5b0 JavaThread "Unconstrained build operations Thread 7" [_thread_blocked, id=15440, stack(0x0000007332600000,0x0000007332700000)]
  0x00000174a9aaea80 JavaThread "Unconstrained build operations Thread 8" [_thread_blocked, id=13224, stack(0x0000007332700000,0x0000007332800000)]
  0x00000174a9aad270 JavaThread "Unconstrained build operations Thread 9" [_thread_blocked, id=8112, stack(0x0000007332800000,0x0000007332900000)]
  0x00000174a9aadc10 JavaThread "Unconstrained build operations Thread 10" [_thread_blocked, id=1028, stack(0x0000007332900000,0x0000007332a00000)]
  0x00000174a9aae0e0 JavaThread "Unconstrained build operations Thread 11" [_thread_blocked, id=2212, stack(0x0000007332a00000,0x0000007332b00000)]
  0x00000174a8e63cf0 JavaThread "Unconstrained build operations Thread 12" [_thread_blocked, id=1308, stack(0x0000007332b00000,0x0000007332c00000)]
  0x00000174a8e611a0 JavaThread "Unconstrained build operations Thread 13" [_thread_blocked, id=2688, stack(0x0000007332c00000,0x0000007332d00000)]
  0x00000174a8e641c0 JavaThread "Unconstrained build operations Thread 14" [_thread_blocked, id=16096, stack(0x0000007332d00000,0x0000007332e00000)]
  0x00000174a8e5d7e0 JavaThread "Unconstrained build operations Thread 15" [_thread_blocked, id=7884, stack(0x0000007332e00000,0x0000007332f00000)]
  0x00000174a8e5fe60 JavaThread "Unconstrained build operations Thread 16" [_thread_blocked, id=9272, stack(0x0000007332f00000,0x0000007333000000)]
  0x00000174a8e629b0 JavaThread "Unconstrained build operations Thread 17" [_thread_blocked, id=14496, stack(0x0000007333000000,0x0000007333100000)]
  0x00000174a8e60cd0 JavaThread "Unconstrained build operations Thread 18" [_thread_blocked, id=8224, stack(0x0000007333100000,0x0000007333200000)]
  0x00000174a8e62e80 JavaThread "Unconstrained build operations Thread 19" [_thread_blocked, id=8168, stack(0x0000007333200000,0x0000007333300000)]
  0x00000174a8e5f4c0 JavaThread "Unconstrained build operations Thread 20" [_thread_blocked, id=3216, stack(0x0000007333300000,0x0000007333400000)]
  0x00000174a8e61b40 JavaThread "Unconstrained build operations Thread 21" [_thread_blocked, id=6624, stack(0x0000007333400000,0x0000007333500000)]
  0x00000174a8e5e650 JavaThread "Unconstrained build operations Thread 22" [_thread_blocked, id=13200, stack(0x0000007333500000,0x0000007333600000)]
  0x00000174a8e5dcb0 JavaThread "Unconstrained build operations Thread 23" [_thread_blocked, id=10632, stack(0x0000007333600000,0x0000007333700000)]
  0x00000174a8e62010 JavaThread "Unconstrained build operations Thread 24" [_thread_blocked, id=12876, stack(0x0000007333700000,0x0000007333800000)]
  0x00000174a8e5e180 JavaThread "Unconstrained build operations Thread 25" [_thread_blocked, id=12104, stack(0x0000007333800000,0x0000007333900000)]
  0x00000174a8e5f990 JavaThread "Unconstrained build operations Thread 26" [_thread_blocked, id=2904, stack(0x0000007333900000,0x0000007333a00000)]
  0x00000174a8e624e0 JavaThread "Unconstrained build operations Thread 27" [_thread_blocked, id=4408, stack(0x0000007333a00000,0x0000007333b00000)]
  0x00000174a8e5eb20 JavaThread "Unconstrained build operations Thread 28" [_thread_blocked, id=2600, stack(0x0000007333b00000,0x0000007333c00000)]
  0x00000174a8e60330 JavaThread "Unconstrained build operations Thread 29" [_thread_blocked, id=15880, stack(0x0000007333c00000,0x0000007333d00000)]
  0x00000174a8e5eff0 JavaThread "Unconstrained build operations Thread 30" [_thread_blocked, id=6432, stack(0x0000007333d00000,0x0000007333e00000)]
  0x00000174a8e63350 JavaThread "Unconstrained build operations Thread 31" [_thread_blocked, id=10832, stack(0x0000007333e00000,0x0000007333f00000)]
  0x00000174a8e63820 JavaThread "Unconstrained build operations Thread 32" [_thread_blocked, id=4240, stack(0x0000007333f00000,0x0000007334000000)]
  0x00000174a8e61670 JavaThread "Unconstrained build operations Thread 33" [_thread_blocked, id=10100, stack(0x0000007334000000,0x0000007334100000)]
  0x00000174a8e60800 JavaThread "Unconstrained build operations Thread 34" [_thread_blocked, id=15740, stack(0x0000007334100000,0x0000007334200000)]
  0x00000174a8e5c970 JavaThread "Unconstrained build operations Thread 35" [_thread_blocked, id=4840, stack(0x0000007334200000,0x0000007334300000)]
  0x00000174a8e5ce40 JavaThread "Unconstrained build operations Thread 36" [_thread_blocked, id=15812, stack(0x0000007334300000,0x0000007334400000)]
  0x00000174a8e5d310 JavaThread "Unconstrained build operations Thread 37" [_thread_blocked, id=5384, stack(0x0000007334400000,0x0000007334500000)]
  0x00000174a8e90b00 JavaThread "Unconstrained build operations Thread 38" [_thread_blocked, id=10980, stack(0x0000007334500000,0x0000007334600000)]
  0x00000174a8e93b20 JavaThread "Unconstrained build operations Thread 39" [_thread_blocked, id=3596, stack(0x0000007334600000,0x0000007334700000)]
  0x00000174a8e8c7a0 JavaThread "Unconstrained build operations Thread 40" [_thread_blocked, id=6756, stack(0x0000007334700000,0x0000007334800000)]
  0x00000174a8e914a0 JavaThread "Unconstrained build operations Thread 41" [_thread_blocked, id=12540, stack(0x0000007334800000,0x0000007334900000)]
  0x00000174a8e93650 JavaThread "Unconstrained build operations Thread 42" [_thread_blocked, id=12248, stack(0x0000007334900000,0x0000007334a00000)]
  0x00000174a8e90160 JavaThread "Unconstrained build operations Thread 43" [_thread_blocked, id=8900, stack(0x0000007334a00000,0x0000007334b00000)]
  0x00000174a8e91970 JavaThread "Unconstrained build operations Thread 44" [_thread_blocked, id=468, stack(0x0000007334b00000,0x0000007334c00000)]
  0x00000174a8e93ff0 JavaThread "Unconstrained build operations Thread 45" [_thread_blocked, id=14216, stack(0x0000007334c00000,0x0000007334d00000)]
  0x00000174a8e8cc70 JavaThread "Unconstrained build operations Thread 46" [_thread_blocked, id=6948, stack(0x0000007334d00000,0x0000007334e00000)]
  0x00000174a8e8f2f0 JavaThread "Unconstrained build operations Thread 47" [_thread_blocked, id=11676, stack(0x0000007334e00000,0x0000007334f00000)]
  0x00000174a8e92310 JavaThread "Unconstrained build operations Thread 48" [_thread_blocked, id=8632, stack(0x0000007334f00000,0x0000007335000000)]
  0x00000174a8e8d610 JavaThread "Unconstrained build operations Thread 49" [_thread_blocked, id=11200, stack(0x0000007335000000,0x0000007335100000)]
  0x00000174a8e91e40 JavaThread "Unconstrained build operations Thread 50" [_thread_blocked, id=14188, stack(0x0000007335100000,0x0000007335200000)]
  0x00000174a8e8d140 JavaThread "Unconstrained build operations Thread 51" [_thread_blocked, id=11952, stack(0x0000007335200000,0x0000007335300000)]
  0x00000174a8e927e0 JavaThread "Unconstrained build operations Thread 52" [_thread_blocked, id=3452, stack(0x0000007335300000,0x0000007335400000)]
  0x00000174a8e8e480 JavaThread "Unconstrained build operations Thread 53" [_thread_blocked, id=15332, stack(0x0000007335400000,0x0000007335500000)]
  0x00000174a8e92cb0 JavaThread "Unconstrained build operations Thread 54" [_thread_blocked, id=7532, stack(0x0000007335500000,0x0000007335600000)]
  0x00000174a8e8dae0 JavaThread "Unconstrained build operations Thread 55" [_thread_blocked, id=15012, stack(0x0000007335600000,0x0000007335700000)]
  0x00000174a8e93180 JavaThread "Unconstrained build operations Thread 56" [_thread_blocked, id=15444, stack(0x0000007335700000,0x0000007335800000)]
  0x00000174a8e8f7c0 JavaThread "Unconstrained build operations Thread 57" [_thread_blocked, id=7872, stack(0x0000007335800000,0x0000007335900000)]
  0x00000174a8e90630 JavaThread "Unconstrained build operations Thread 58" [_thread_blocked, id=13428, stack(0x0000007335900000,0x0000007335a00000)]
  0x00000174a8e8ee20 JavaThread "Unconstrained build operations Thread 59" [_thread_blocked, id=8924, stack(0x0000007335a00000,0x0000007335b00000)]
  0x00000174a8e8dfb0 JavaThread "Unconstrained build operations Thread 60" [_thread_blocked, id=2164, stack(0x0000007335b00000,0x0000007335c00000)]
  0x00000174a8e8fc90 JavaThread "Unconstrained build operations Thread 61" [_thread_blocked, id=7248, stack(0x0000007335c00000,0x0000007335d00000)]
  0x00000174a8e8e950 JavaThread "Unconstrained build operations Thread 62" [_thread_blocked, id=16100, stack(0x0000007335d00000,0x0000007335e00000)]
  0x00000174a8e90fd0 JavaThread "Unconstrained build operations Thread 63" [_thread_blocked, id=10912, stack(0x0000007335e00000,0x0000007335f00000)]
  0x00000174a81beb50 JavaThread "Unconstrained build operations Thread 64" [_thread_blocked, id=1244, stack(0x0000007335f00000,0x0000007336000000)]
  0x00000174a81c0d00 JavaThread "Unconstrained build operations Thread 65" [_thread_blocked, id=7260, stack(0x0000007336000000,0x0000007336100000)]
  0x00000174a81b9980 JavaThread "Unconstrained build operations Thread 66" [_thread_blocked, id=8268, stack(0x0000007336100000,0x0000007336200000)]
  0x00000174a81b9e50 JavaThread "Unconstrained build operations Thread 67" [_thread_blocked, id=15832, stack(0x0000007336200000,0x0000007336300000)]
  0x00000174a81bc4d0 JavaThread "Unconstrained build operations Thread 68" [_thread_blocked, id=14080, stack(0x0000007336300000,0x0000007336400000)]
  0x00000174a81be1b0 JavaThread "Unconstrained build operations Thread 69" [_thread_blocked, id=14276, stack(0x0000007336400000,0x0000007336500000)]
  0x00000174a81bf020 JavaThread "Unconstrained build operations Thread 70" [_thread_blocked, id=3372, stack(0x0000007336500000,0x0000007336600000)]
  0x00000174a81bf4f0 JavaThread "Unconstrained build operations Thread 71" [_thread_blocked, id=5604, stack(0x0000007336600000,0x0000007336700000)]
  0x00000174a81be680 JavaThread "Unconstrained build operations Thread 72" [_thread_blocked, id=3200, stack(0x0000007336700000,0x0000007336800000)]
  0x00000174a81ba7f0 JavaThread "Unconstrained build operations Thread 73" [_thread_blocked, id=15888, stack(0x0000007336800000,0x0000007336900000)]
  0x00000174a81c0830 JavaThread "Unconstrained build operations Thread 74" [_thread_blocked, id=7100, stack(0x0000007336900000,0x0000007336a00000)]
  0x00000174a81bce70 JavaThread "Unconstrained build operations Thread 75" [_thread_blocked, id=13300, stack(0x0000007336a00000,0x0000007336b00000)]
  0x00000174a81bc9a0 JavaThread "Unconstrained build operations Thread 76" [_thread_blocked, id=14600, stack(0x0000007336b00000,0x0000007336c00000)]
  0x00000174a81ba320 JavaThread "Unconstrained build operations Thread 77" [_thread_blocked, id=11564, stack(0x0000007336c00000,0x0000007336d00000)]
  0x00000174a81bacc0 JavaThread "Unconstrained build operations Thread 78" [_thread_blocked, id=9556, stack(0x0000007336d00000,0x0000007336e00000)]
  0x00000174a81bf9c0 JavaThread "Unconstrained build operations Thread 79" [_thread_blocked, id=8740, stack(0x0000007336e00000,0x0000007336f00000)]
  0x00000174a81bfe90 JavaThread "Unconstrained build operations Thread 80" [_thread_blocked, id=1360, stack(0x0000007336f00000,0x0000007337000000)]
  0x00000174a81c0360 JavaThread "jar transforms Thread 6" [_thread_blocked, id=7860, stack(0x0000007337000000,0x0000007337100000)]
  0x00000174a81c11d0 JavaThread "jar transforms Thread 7" [_thread_blocked, id=14796, stack(0x0000007337100000,0x0000007337200000)]
  0x00000174a81bb190 JavaThread "jar transforms Thread 8" [_thread_blocked, id=13516, stack(0x0000007337200000,0x0000007337300000)]
  0x00000174a81bb660 JavaThread "build event listener" [_thread_blocked, id=13704, stack(0x0000007337300000,0x0000007337400000)]
  0x00000174a81bbb30 JavaThread "Memory manager" [_thread_blocked, id=4420, stack(0x0000007337400000,0x0000007337500000)]

Other Threads:
  0x00000174a7636320 VMThread "VM Thread" [stack: 0x000000732ee00000,0x000000732ef00000] [id=14196]
  0x000001748d888950 WatcherThread [stack: 0x000000732fa00000,0x000000732fb00000] [id=14556]
  0x000001748d866a40 GCTaskThread "GC Thread#0" [stack: 0x000000732e900000,0x000000732ea00000] [id=6928]
  0x00000174a8a9b5f0 GCTaskThread "GC Thread#1" [stack: 0x000000732fb00000,0x000000732fc00000] [id=2936]
  0x00000174a8c1ee50 GCTaskThread "GC Thread#2" [stack: 0x000000732fc00000,0x000000732fd00000] [id=16204]
  0x00000174a83a6b50 GCTaskThread "GC Thread#3" [stack: 0x000000732fd00000,0x000000732fe00000] [id=11848]
  0x00000174a8d4dbf0 GCTaskThread "GC Thread#4" [stack: 0x000000732fe00000,0x000000732ff00000] [id=10480]
  0x00000174a9660050 GCTaskThread "GC Thread#5" [stack: 0x0000007330100000,0x0000007330200000] [id=4780]
  0x00000174a9032080 GCTaskThread "GC Thread#6" [stack: 0x0000007330200000,0x0000007330300000] [id=11132]
  0x00000174a9821f80 GCTaskThread "GC Thread#7" [stack: 0x0000007330300000,0x0000007330400000] [id=11456]
  0x000001748d877890 ConcurrentGCThread "G1 Main Marker" [stack: 0x000000732ea00000,0x000000732eb00000] [id=2172]
  0x000001748d878950 ConcurrentGCThread "G1 Conc#0" [stack: 0x000000732eb00000,0x000000732ec00000] [id=10052]
  0x00000174a9bc4d20 ConcurrentGCThread "G1 Conc#1" [stack: 0x0000007330c00000,0x0000007330d00000] [id=12880]
  0x000001748d8da070 ConcurrentGCThread "G1 Refine#0" [stack: 0x000000732ec00000,0x000000732ed00000] [id=14452]
  0x000001748d8dbdb0 ConcurrentGCThread "G1 Service" [stack: 0x000000732ed00000,0x000000732ee00000] [id=4636]

Threads with active compile tasks:
C2 CompilerThread0    29012 7209       4       org.codehaus.groovy.runtime.metaclass.MetaMethodIndex::addMethodToList (131 bytes)

VM state: not at safepoint (normal execution)

VM Mutex/Monitor currently owned by a thread: None

Heap address: 0x0000000080000000, size: 2048 MB, Compressed Oops mode: 32-bit

CDS archive(s) not mapped
Compressed class space mapped at: 0x0000000100000000-0x0000000140000000, reserved size: 1073741824
Narrow klass base: 0x0000000000000000, Narrow klass shift: 3, Narrow klass range: 0x140000000

GC Precious Log:
 CPUs: 8 total, 8 available
 Memory: 3899M
 Large Page Support: Disabled
 NUMA Support: Disabled
 Compressed Oops: Enabled (32-bit)
 Heap Region Size: 1M
 Heap Min Capacity: 8M
 Heap Initial Capacity: 62M
 Heap Max Capacity: 2G
 Pre-touch: Disabled
 Parallel Workers: 8
 Concurrent Workers: 2
 Concurrent Refinement Workers: 8
 Periodic GC: Disabled

Heap:
 garbage-first heap   total 151552K, used 58111K [0x0000000080000000, 0x0000000100000000)
  region size 1024K, 8 young (8192K), 5 survivors (5120K)
 Metaspace       used 70454K, committed 71104K, reserved 1114112K
  class space    used 9301K, committed 9600K, reserved 1048576K

Heap Regions: E=young(eden), S=young(survivor), O=old, HS=humongous(starts), HC=humongous(continues), CS=collection set, F=free, OA=open archive, CA=closed archive, TAMS=top-at-mark-start (previous, next)
|   0|0x0000000080000000, 0x0000000080100000, 0x0000000080100000|100%|HS|  |TAMS 0x0000000080100000, 0x0000000080000000| Complete 
|   1|0x0000000080100000, 0x0000000080200000, 0x0000000080200000|100%|HC|  |TAMS 0x0000000080200000, 0x0000000080100000| Complete 
|   2|0x0000000080200000, 0x0000000080300000, 0x0000000080300000|100%|HC|  |TAMS 0x0000000080300000, 0x0000000080200000| Complete 
|   3|0x0000000080300000, 0x0000000080400000, 0x0000000080400000|100%|HC|  |TAMS 0x0000000080400000, 0x0000000080300000| Complete 
|   4|0x0000000080400000, 0x0000000080500000, 0x0000000080500000|100%| O|  |TAMS 0x0000000080500000, 0x0000000080400000| Untracked 
|   5|0x0000000080500000, 0x0000000080600000, 0x0000000080600000|100%| O|  |TAMS 0x0000000080600000, 0x0000000080500000| Untracked 
|   6|0x0000000080600000, 0x0000000080700000, 0x0000000080700000|100%| O|  |TAMS 0x0000000080700000, 0x0000000080600000| Untracked 
|   7|0x0000000080700000, 0x0000000080800000, 0x0000000080800000|100%| O|  |TAMS 0x0000000080800000, 0x0000000080700000| Untracked 
|   8|0x0000000080800000, 0x0000000080900000, 0x0000000080900000|100%| O|  |TAMS 0x0000000080900000, 0x0000000080800000| Untracked 
|   9|0x0000000080900000, 0x0000000080a00000, 0x0000000080a00000|100%| O|  |TAMS 0x0000000080a00000, 0x0000000080900000| Untracked 
|  10|0x0000000080a00000, 0x0000000080b00000, 0x0000000080b00000|100%| O|  |TAMS 0x0000000080b00000, 0x0000000080a00000| Untracked 
|  11|0x0000000080b00000, 0x0000000080c00000, 0x0000000080c00000|100%| O|  |TAMS 0x0000000080c00000, 0x0000000080b00000| Untracked 
|  12|0x0000000080c00000, 0x0000000080d00000, 0x0000000080d00000|100%| O|  |TAMS 0x0000000080d00000, 0x0000000080c00000| Untracked 
|  13|0x0000000080d00000, 0x0000000080e00000, 0x0000000080e00000|100%| O|  |TAMS 0x0000000080e00000, 0x0000000080d00000| Untracked 
|  14|0x0000000080e00000, 0x0000000080f00000, 0x0000000080f00000|100%| O|  |TAMS 0x0000000080f00000, 0x0000000080e00000| Untracked 
|  15|0x0000000080f00000, 0x0000000081000000, 0x0000000081000000|100%| O|  |TAMS 0x0000000081000000, 0x0000000080f00000| Untracked 
|  16|0x0000000081000000, 0x0000000081100000, 0x0000000081100000|100%| O|  |TAMS 0x0000000081100000, 0x0000000081000000| Untracked 
|  17|0x0000000081100000, 0x0000000081200000, 0x0000000081200000|100%| O|  |TAMS 0x0000000081200000, 0x0000000081100000| Untracked 
|  18|0x0000000081200000, 0x0000000081300000, 0x0000000081300000|100%| O|  |TAMS 0x0000000081300000, 0x0000000081200000| Untracked 
|  19|0x0000000081300000, 0x0000000081400000, 0x0000000081400000|100%| O|  |TAMS 0x0000000081400000, 0x0000000081300000| Untracked 
|  20|0x0000000081400000, 0x0000000081500000, 0x0000000081500000|100%| O|  |TAMS 0x0000000081500000, 0x0000000081400000| Untracked 
|  21|0x0000000081500000, 0x0000000081600000, 0x0000000081600000|100%| O|  |TAMS 0x0000000081600000, 0x0000000081500000| Untracked 
|  22|0x0000000081600000, 0x0000000081700000, 0x0000000081700000|100%| O|  |TAMS 0x0000000081700000, 0x0000000081600000| Untracked 
|  23|0x0000000081700000, 0x0000000081800000, 0x0000000081800000|100%| O|  |TAMS 0x0000000081800000, 0x0000000081700000| Untracked 
|  24|0x0000000081800000, 0x0000000081900000, 0x0000000081900000|100%| O|  |TAMS 0x0000000081900000, 0x0000000081800000| Untracked 
|  25|0x0000000081900000, 0x0000000081a00000, 0x0000000081a00000|100%| O|  |TAMS 0x0000000081a00000, 0x0000000081900000| Untracked 
|  26|0x0000000081a00000, 0x0000000081b00000, 0x0000000081b00000|100%| O|  |TAMS 0x0000000081b00000, 0x0000000081a00000| Untracked 
|  27|0x0000000081b00000, 0x0000000081c00000, 0x0000000081c00000|100%| O|  |TAMS 0x0000000081c00000, 0x0000000081b00000| Untracked 
|  28|0x0000000081c00000, 0x0000000081d00000, 0x0000000081d00000|100%| O|  |TAMS 0x0000000081d00000, 0x0000000081c00000| Untracked 
|  29|0x0000000081d00000, 0x0000000081e00000, 0x0000000081e00000|100%| O|  |TAMS 0x0000000081e00000, 0x0000000081d00000| Untracked 
|  30|0x0000000081e00000, 0x0000000081f00000, 0x0000000081f00000|100%| O|  |TAMS 0x0000000081f00000, 0x0000000081e00000| Untracked 
|  31|0x0000000081f00000, 0x0000000082000000, 0x0000000082000000|100%| O|  |TAMS 0x0000000082000000, 0x0000000081f00000| Untracked 
|  32|0x0000000082000000, 0x0000000082100000, 0x0000000082100000|100%|HS|  |TAMS 0x0000000082100000, 0x0000000082000000| Complete 
|  33|0x0000000082100000, 0x0000000082200000, 0x0000000082200000|100%|HS|  |TAMS 0x0000000082200000, 0x0000000082100000| Complete 
|  34|0x0000000082200000, 0x0000000082300000, 0x0000000082300000|100%| O|  |TAMS 0x0000000082300000, 0x0000000082200000| Untracked 
|  35|0x0000000082300000, 0x0000000082400000, 0x0000000082400000|100%| O|  |TAMS 0x0000000082400000, 0x0000000082300000| Untracked 
|  36|0x0000000082400000, 0x0000000082500000, 0x0000000082500000|100%| O|  |TAMS 0x0000000082500000, 0x0000000082400000| Untracked 
|  37|0x0000000082500000, 0x0000000082600000, 0x0000000082600000|100%| O|  |TAMS 0x0000000082600000, 0x0000000082500000| Untracked 
|  38|0x0000000082600000, 0x0000000082700000, 0x0000000082700000|100%| O|  |TAMS 0x0000000082700000, 0x0000000082600000| Untracked 
|  39|0x0000000082700000, 0x0000000082800000, 0x0000000082800000|100%| O|  |TAMS 0x0000000082700000, 0x0000000082700000| Untracked 
|  40|0x0000000082800000, 0x0000000082900000, 0x0000000082900000|100%|HS|  |TAMS 0x0000000082900000, 0x0000000082800000| Complete 
|  41|0x0000000082900000, 0x0000000082a00000, 0x0000000082a00000|100%| O|  |TAMS 0x0000000082a00000, 0x0000000082900000| Untracked 
|  42|0x0000000082a00000, 0x0000000082b00000, 0x0000000082b00000|100%| O|  |TAMS 0x0000000082b00000, 0x0000000082a00000| Untracked 
|  43|0x0000000082b00000, 0x0000000082c00000, 0x0000000082c00000|100%| O|  |TAMS 0x0000000082c00000, 0x0000000082b00000| Untracked 
|  44|0x0000000082c00000, 0x0000000082d00000, 0x0000000082d00000|100%| O|  |TAMS 0x0000000082d00000, 0x0000000082c00000| Untracked 
|  45|0x0000000082d00000, 0x0000000082e00000, 0x0000000082e00000|100%| O|  |TAMS 0x0000000082e00000, 0x0000000082d00000| Untracked 
|  46|0x0000000082e00000, 0x0000000082e00000, 0x0000000082f00000|  0%| F|  |TAMS 0x0000000082e00000, 0x0000000082e00000| Untracked 
|  47|0x0000000082f00000, 0x0000000082f43400, 0x0000000083000000| 26%| O|  |TAMS 0x0000000082f00000, 0x0000000082f00000| Untracked 
|  48|0x0000000083000000, 0x0000000083100000, 0x0000000083100000|100%| O|  |TAMS 0x0000000083100000, 0x0000000083000000| Untracked 
|  49|0x0000000083100000, 0x0000000083200000, 0x0000000083200000|100%| O|  |TAMS 0x0000000083200000, 0x0000000083100000| Untracked 
|  50|0x0000000083200000, 0x0000000083300000, 0x0000000083300000|100%| O|  |TAMS 0x000000008320be00, 0x0000000083200000| Untracked 
|  51|0x0000000083300000, 0x0000000083300000, 0x0000000083400000|  0%| F|  |TAMS 0x0000000083300000, 0x0000000083300000| Untracked 
|  52|0x0000000083400000, 0x0000000083400000, 0x0000000083500000|  0%| F|  |TAMS 0x0000000083400000, 0x0000000083400000| Untracked 
|  53|0x0000000083500000, 0x0000000083500000, 0x0000000083600000|  0%| F|  |TAMS 0x0000000083500000, 0x0000000083500000| Untracked 
|  54|0x0000000083600000, 0x0000000083600000, 0x0000000083700000|  0%| F|  |TAMS 0x0000000083600000, 0x0000000083600000| Untracked 
|  55|0x0000000083700000, 0x0000000083800000, 0x0000000083800000|100%| O|  |TAMS 0x0000000083700000, 0x0000000083700000| Untracked 
|  56|0x0000000083800000, 0x0000000083800000, 0x0000000083900000|  0%| F|  |TAMS 0x0000000083800000, 0x0000000083800000| Untracked 
|  57|0x0000000083900000, 0x0000000083900000, 0x0000000083a00000|  0%| F|  |TAMS 0x0000000083900000, 0x0000000083900000| Untracked 
|  58|0x0000000083a00000, 0x0000000083a00000, 0x0000000083b00000|  0%| F|  |TAMS 0x0000000083a00000, 0x0000000083a00000| Untracked 
|  59|0x0000000083b00000, 0x0000000083b00000, 0x0000000083c00000|  0%| F|  |TAMS 0x0000000083b00000, 0x0000000083b00000| Untracked 
|  60|0x0000000083c00000, 0x0000000083c00000, 0x0000000083d00000|  0%| F|  |TAMS 0x0000000083c00000, 0x0000000083c00000| Untracked 
|  61|0x0000000083d00000, 0x0000000083d00000, 0x0000000083e00000|  0%| F|  |TAMS 0x0000000083d00000, 0x0000000083d00000| Untracked 
|  62|0x0000000083e00000, 0x0000000083e00000, 0x0000000083f00000|  0%| F|  |TAMS 0x0000000083e00000, 0x0000000083e00000| Untracked 
|  63|0x0000000083f00000, 0x0000000083f00000, 0x0000000084000000|  0%| F|  |TAMS 0x0000000083f00000, 0x0000000083f00000| Untracked 
|  64|0x0000000084000000, 0x0000000084000000, 0x0000000084100000|  0%| F|  |TAMS 0x0000000084000000, 0x0000000084000000| Untracked 
|  65|0x0000000084100000, 0x0000000084100000, 0x0000000084200000|  0%| F|  |TAMS 0x0000000084100000, 0x0000000084100000| Untracked 
|  66|0x0000000084200000, 0x0000000084200000, 0x0000000084300000|  0%| F|  |TAMS 0x0000000084200000, 0x0000000084200000| Untracked 
|  67|0x0000000084300000, 0x0000000084300000, 0x0000000084400000|  0%| F|  |TAMS 0x0000000084300000, 0x0000000084300000| Untracked 
|  68|0x0000000084400000, 0x0000000084400000, 0x0000000084500000|  0%| F|  |TAMS 0x0000000084400000, 0x0000000084400000| Untracked 
|  69|0x0000000084500000, 0x0000000084500000, 0x0000000084600000|  0%| F|  |TAMS 0x0000000084500000, 0x0000000084500000| Untracked 
|  70|0x0000000084600000, 0x0000000084600000, 0x0000000084700000|  0%| F|  |TAMS 0x0000000084600000, 0x0000000084600000| Untracked 
|  71|0x0000000084700000, 0x0000000084700000, 0x0000000084800000|  0%| F|  |TAMS 0x0000000084700000, 0x0000000084700000| Untracked 
|  72|0x0000000084800000, 0x0000000084800000, 0x0000000084900000|  0%| F|  |TAMS 0x0000000084800000, 0x0000000084800000| Untracked 
|  73|0x0000000084900000, 0x0000000084900000, 0x0000000084a00000|  0%| F|  |TAMS 0x0000000084900000, 0x0000000084900000| Untracked 
|  74|0x0000000084a00000, 0x0000000084a00000, 0x0000000084b00000|  0%| F|  |TAMS 0x0000000084a00000, 0x0000000084a00000| Untracked 
|  75|0x0000000084b00000, 0x0000000084b00000, 0x0000000084c00000|  0%| F|  |TAMS 0x0000000084b00000, 0x0000000084b00000| Untracked 
|  76|0x0000000084c00000, 0x0000000084c00000, 0x0000000084d00000|  0%| F|  |TAMS 0x0000000084c00000, 0x0000000084c00000| Untracked 
|  77|0x0000000084d00000, 0x0000000084d00000, 0x0000000084e00000|  0%| F|  |TAMS 0x0000000084d00000, 0x0000000084d00000| Untracked 
|  78|0x0000000084e00000, 0x0000000084e00000, 0x0000000084f00000|  0%| F|  |TAMS 0x0000000084e00000, 0x0000000084e00000| Untracked 
|  79|0x0000000084f00000, 0x0000000084f00000, 0x0000000085000000|  0%| F|  |TAMS 0x0000000084f00000, 0x0000000084f00000| Untracked 
|  80|0x0000000085000000, 0x0000000085000000, 0x0000000085100000|  0%| F|  |TAMS 0x0000000085000000, 0x0000000085000000| Untracked 
|  81|0x0000000085100000, 0x0000000085100000, 0x0000000085200000|  0%| F|  |TAMS 0x0000000085100000, 0x0000000085100000| Untracked 
|  82|0x0000000085200000, 0x0000000085200000, 0x0000000085300000|  0%| F|  |TAMS 0x0000000085200000, 0x0000000085200000| Untracked 
|  83|0x0000000085300000, 0x0000000085300000, 0x0000000085400000|  0%| F|  |TAMS 0x0000000085300000, 0x0000000085300000| Untracked 
|  84|0x0000000085400000, 0x0000000085400000, 0x0000000085500000|  0%| F|  |TAMS 0x0000000085400000, 0x0000000085400000| Untracked 
|  85|0x0000000085500000, 0x0000000085500000, 0x0000000085600000|  0%| F|  |TAMS 0x0000000085500000, 0x0000000085500000| Untracked 
|  86|0x0000000085600000, 0x0000000085600000, 0x0000000085700000|  0%| F|  |TAMS 0x0000000085600000, 0x0000000085600000| Untracked 
|  87|0x0000000085700000, 0x0000000085700000, 0x0000000085800000|  0%| F|  |TAMS 0x0000000085700000, 0x0000000085700000| Untracked 
|  88|0x0000000085800000, 0x0000000085800000, 0x0000000085900000|  0%| F|  |TAMS 0x0000000085800000, 0x0000000085800000| Untracked 
|  89|0x0000000085900000, 0x0000000085900000, 0x0000000085a00000|  0%| F|  |TAMS 0x0000000085900000, 0x0000000085900000| Untracked 
|  90|0x0000000085a00000, 0x0000000085a00000, 0x0000000085b00000|  0%| F|  |TAMS 0x0000000085a00000, 0x0000000085a00000| Untracked 
|  91|0x0000000085b00000, 0x0000000085b00000, 0x0000000085c00000|  0%| F|  |TAMS 0x0000000085b00000, 0x0000000085b00000| Untracked 
|  92|0x0000000085c00000, 0x0000000085c00000, 0x0000000085d00000|  0%| F|  |TAMS 0x0000000085c00000, 0x0000000085c00000| Untracked 
|  93|0x0000000085d00000, 0x0000000085d00000, 0x0000000085e00000|  0%| F|  |TAMS 0x0000000085d00000, 0x0000000085d00000| Untracked 
|  94|0x0000000085e00000, 0x0000000085e00000, 0x0000000085f00000|  0%| F|  |TAMS 0x0000000085e00000, 0x0000000085e00000| Untracked 
|  95|0x0000000085f00000, 0x0000000085f00000, 0x0000000086000000|  0%| F|  |TAMS 0x0000000085f00000, 0x0000000085f00000| Untracked 
|  96|0x0000000086000000, 0x000000008607cb80, 0x0000000086100000| 48%| S|CS|TAMS 0x0000000086000000, 0x0000000086000000| Complete 
|  97|0x0000000086100000, 0x0000000086200000, 0x0000000086200000|100%| S|CS|TAMS 0x0000000086100000, 0x0000000086100000| Complete 
|  98|0x0000000086200000, 0x0000000086300000, 0x0000000086300000|100%| S|CS|TAMS 0x0000000086200000, 0x0000000086200000| Complete 
|  99|0x0000000086300000, 0x0000000086400000, 0x0000000086400000|100%| S|CS|TAMS 0x0000000086300000, 0x0000000086300000| Complete 
| 100|0x0000000086400000, 0x0000000086500000, 0x0000000086500000|100%| S|CS|TAMS 0x0000000086400000, 0x0000000086400000| Complete 
| 101|0x0000000086500000, 0x0000000086500000, 0x0000000086600000|  0%| F|  |TAMS 0x0000000086500000, 0x0000000086500000| Untracked 
| 102|0x0000000086600000, 0x0000000086600000, 0x0000000086700000|  0%| F|  |TAMS 0x0000000086600000, 0x0000000086600000| Untracked 
| 103|0x0000000086700000, 0x0000000086700000, 0x0000000086800000|  0%| F|  |TAMS 0x0000000086700000, 0x0000000086700000| Untracked 
| 104|0x0000000086800000, 0x0000000086800000, 0x0000000086900000|  0%| F|  |TAMS 0x0000000086800000, 0x0000000086800000| Untracked 
| 105|0x0000000086900000, 0x0000000086900000, 0x0000000086a00000|  0%| F|  |TAMS 0x0000000086900000, 0x0000000086900000| Untracked 
| 106|0x0000000086a00000, 0x0000000086a00000, 0x0000000086b00000|  0%| F|  |TAMS 0x0000000086a00000, 0x0000000086a00000| Untracked 
| 107|0x0000000086b00000, 0x0000000086b00000, 0x0000000086c00000|  0%| F|  |TAMS 0x0000000086b00000, 0x0000000086b00000| Untracked 
| 108|0x0000000086c00000, 0x0000000086c00000, 0x0000000086d00000|  0%| F|  |TAMS 0x0000000086c00000, 0x0000000086c00000| Untracked 
| 109|0x0000000086d00000, 0x0000000086d00000, 0x0000000086e00000|  0%| F|  |TAMS 0x0000000086d00000, 0x0000000086d00000| Untracked 
| 110|0x0000000086e00000, 0x0000000086e00000, 0x0000000086f00000|  0%| F|  |TAMS 0x0000000086e00000, 0x0000000086e00000| Untracked 
| 111|0x0000000086f00000, 0x0000000086f00000, 0x0000000087000000|  0%| F|  |TAMS 0x0000000086f00000, 0x0000000086f00000| Untracked 
| 112|0x0000000087000000, 0x0000000087000000, 0x0000000087100000|  0%| F|  |TAMS 0x0000000087000000, 0x0000000087000000| Untracked 
| 113|0x0000000087100000, 0x0000000087100000, 0x0000000087200000|  0%| F|  |TAMS 0x0000000087100000, 0x0000000087100000| Untracked 
| 114|0x0000000087200000, 0x0000000087200000, 0x0000000087300000|  0%| F|  |TAMS 0x0000000087200000, 0x0000000087200000| Untracked 
| 115|0x0000000087300000, 0x0000000087300000, 0x0000000087400000|  0%| F|  |TAMS 0x0000000087300000, 0x0000000087300000| Untracked 
| 116|0x0000000087400000, 0x0000000087400000, 0x0000000087500000|  0%| F|  |TAMS 0x0000000087400000, 0x0000000087400000| Untracked 
| 117|0x0000000087500000, 0x0000000087500000, 0x0000000087600000|  0%| F|  |TAMS 0x0000000087500000, 0x0000000087500000| Untracked 
| 118|0x0000000087600000, 0x0000000087600000, 0x0000000087700000|  0%| F|  |TAMS 0x0000000087600000, 0x0000000087600000| Untracked 
| 119|0x0000000087700000, 0x0000000087700000, 0x0000000087800000|  0%| F|  |TAMS 0x0000000087700000, 0x0000000087700000| Untracked 
| 120|0x0000000087800000, 0x0000000087800000, 0x0000000087900000|  0%| F|  |TAMS 0x0000000087800000, 0x0000000087800000| Untracked 
| 121|0x0000000087900000, 0x0000000087900000, 0x0000000087a00000|  0%| F|  |TAMS 0x0000000087900000, 0x0000000087900000| Untracked 
| 122|0x0000000087a00000, 0x0000000087a00000, 0x0000000087b00000|  0%| F|  |TAMS 0x0000000087a00000, 0x0000000087a00000| Untracked 
| 123|0x0000000087b00000, 0x0000000087b00000, 0x0000000087c00000|  0%| F|  |TAMS 0x0000000087b00000, 0x0000000087b00000| Untracked 
| 124|0x0000000087c00000, 0x0000000087c00000, 0x0000000087d00000|  0%| F|  |TAMS 0x0000000087c00000, 0x0000000087c00000| Untracked 
| 125|0x0000000087d00000, 0x0000000087d00000, 0x0000000087e00000|  0%| F|  |TAMS 0x0000000087d00000, 0x0000000087d00000| Untracked 
| 126|0x0000000087e00000, 0x0000000087e00000, 0x0000000087f00000|  0%| F|  |TAMS 0x0000000087e00000, 0x0000000087e00000| Untracked 
| 127|0x0000000087f00000, 0x0000000087f00000, 0x0000000088000000|  0%| F|  |TAMS 0x0000000087f00000, 0x0000000087f00000| Untracked 
| 128|0x0000000088000000, 0x0000000088000000, 0x0000000088100000|  0%| F|  |TAMS 0x0000000088000000, 0x0000000088000000| Untracked 
| 129|0x0000000088100000, 0x0000000088100000, 0x0000000088200000|  0%| F|  |TAMS 0x0000000088100000, 0x0000000088100000| Untracked 
| 130|0x0000000088200000, 0x0000000088200000, 0x0000000088300000|  0%| F|  |TAMS 0x0000000088200000, 0x0000000088200000| Untracked 
| 131|0x0000000088300000, 0x0000000088300000, 0x0000000088400000|  0%| F|  |TAMS 0x0000000088300000, 0x0000000088300000| Untracked 
| 132|0x0000000088400000, 0x0000000088400000, 0x0000000088500000|  0%| F|  |TAMS 0x0000000088400000, 0x0000000088400000| Untracked 
| 133|0x0000000088500000, 0x0000000088500000, 0x0000000088600000|  0%| F|  |TAMS 0x0000000088500000, 0x0000000088500000| Untracked 
| 134|0x0000000088600000, 0x0000000088600000, 0x0000000088700000|  0%| F|  |TAMS 0x0000000088600000, 0x0000000088600000| Untracked 
| 135|0x0000000088700000, 0x0000000088700000, 0x0000000088800000|  0%| F|  |TAMS 0x0000000088700000, 0x0000000088700000| Untracked 
| 136|0x0000000088800000, 0x0000000088800000, 0x0000000088900000|  0%| F|  |TAMS 0x0000000088800000, 0x0000000088800000| Untracked 
| 137|0x0000000088900000, 0x0000000088900000, 0x0000000088a00000|  0%| F|  |TAMS 0x0000000088900000, 0x0000000088900000| Untracked 
| 138|0x0000000088a00000, 0x0000000088a00000, 0x0000000088b00000|  0%| F|  |TAMS 0x0000000088a00000, 0x0000000088a00000| Untracked 
| 139|0x0000000088b00000, 0x0000000088b00000, 0x0000000088c00000|  0%| F|  |TAMS 0x0000000088b00000, 0x0000000088b00000| Untracked 
| 140|0x0000000088c00000, 0x0000000088c00000, 0x0000000088d00000|  0%| F|  |TAMS 0x0000000088c00000, 0x0000000088c00000| Untracked 
| 141|0x0000000088d00000, 0x0000000088d00000, 0x0000000088e00000|  0%| F|  |TAMS 0x0000000088d00000, 0x0000000088d00000| Untracked 
| 142|0x0000000088e00000, 0x0000000088e00000, 0x0000000088f00000|  0%| F|  |TAMS 0x0000000088e00000, 0x0000000088e00000| Untracked 
| 143|0x0000000088f00000, 0x0000000088f00000, 0x0000000089000000|  0%| F|  |TAMS 0x0000000088f00000, 0x0000000088f00000| Untracked 
| 144|0x0000000089000000, 0x0000000089000000, 0x0000000089100000|  0%| F|  |TAMS 0x0000000089000000, 0x0000000089000000| Untracked 
| 145|0x0000000089100000, 0x0000000089200000, 0x0000000089200000|100%| E|  |TAMS 0x0000000089100000, 0x0000000089100000| Complete 
| 146|0x0000000089200000, 0x0000000089300000, 0x0000000089300000|100%| E|CS|TAMS 0x0000000089200000, 0x0000000089200000| Complete 
| 147|0x0000000089300000, 0x0000000089400000, 0x0000000089400000|100%| E|CS|TAMS 0x0000000089300000, 0x0000000089300000| Complete 

Card table byte_map: [0x00000174a0410000,0x00000174a0810000] _byte_map_base: 0x00000174a0010000

Marking Bits (Prev, Next): (CMBitMap*) 0x000001748d866fa0, (CMBitMap*) 0x000001748d866f60
 Prev Bits: [0x00000174a2c10000, 0x00000174a4c10000)
 Next Bits: [0x00000174a0c10000, 0x00000174a2c10000)

Polling page: 0x000001748cfe0000

Metaspace:

Usage:
  Non-class:     59.73 MB used.
      Class:      9.09 MB used.
       Both:     68.82 MB used.

Virtual space:
  Non-class space:       64.00 MB reserved,      60.06 MB ( 94%) committed,  8 nodes.
      Class space:        1.00 GB reserved,       9.38 MB ( <1%) committed,  1 nodes.
             Both:        1.06 GB reserved,      69.44 MB (  6%) committed. 

Chunk freelists:
   Non-Class:  3.22 MB
       Class:  2.59 MB
        Both:  5.81 MB

MaxMetaspaceSize: unlimited
CompressedClassSpaceSize: 1.00 GB
Initial GC threshold: 21.00 MB
Current GC threshold: 108.38 MB
CDS: off
MetaspaceReclaimPolicy: balanced
 - commit_granule_bytes: 65536.
 - commit_granule_words: 8192.
 - virtual_space_node_default_size: 1048576.
 - enlarge_chunks_in_place: 1.
 - new_chunks_are_fully_committed: 0.
 - uncommit_free_chunks: 1.
 - use_allocation_guard: 0.
 - handle_deallocations: 1.


Internal statistics:

num_allocs_failed_limit: 6.
num_arena_births: 804.
num_arena_deaths: 0.
num_vsnodes_births: 9.
num_vsnodes_deaths: 0.
num_space_committed: 1111.
num_space_uncommitted: 0.
num_chunks_returned_to_freelist: 6.
num_chunks_taken_from_freelist: 3220.
num_chunk_merges: 6.
num_chunk_splits: 2119.
num_chunks_enlarged: 1405.
num_purges: 0.
num_inconsistent_stats: 0.

CodeHeap 'non-profiled nmethods': size=120000Kb used=3130Kb max_used=3593Kb free=116869Kb
 bounds [0x00000174987b0000, 0x0000017498b40000, 0x000001749fce0000]
CodeHeap 'profiled nmethods': size=120000Kb used=12294Kb max_used=13314Kb free=107705Kb
 bounds [0x0000017490ce0000, 0x00000174919f0000, 0x0000017498210000]
CodeHeap 'non-nmethods': size=5760Kb used=2352Kb max_used=2420Kb free=3407Kb
 bounds [0x0000017498210000, 0x0000017498480000, 0x00000174987b0000]
 total_blobs=7272 nmethods=6390 adapters=794
 compilation: enabled
              stopped_count=0, restarted_count=0
 full_count=0

Compilation events (20 events):
Event: 28.840 Thread 0x00000174a800e580 7271   !   3       com.sun.beans.util.Cache::get (256 bytes)
Event: 28.842 Thread 0x00000174a800e580 nmethod 7271 0x0000017491382a10 code [0x0000017491382d60, 0x0000017491384278]
Event: 28.845 Thread 0x00000174a800e580 7282       3       groovy.lang.MetaClassImpl$$Lambda$428/0x0000000100518b50::apply (8 bytes)
Event: 28.845 Thread 0x00000174a800e580 nmethod 7282 0x0000017490d32890 code [0x0000017490d32a60, 0x0000017490d32e48]
Event: 28.846 Thread 0x00000174a800e580 7283       3       groovyjarjarasm.asm.ByteVector::putUTF8 (144 bytes)
Event: 28.848 Thread 0x00000174a800e580 nmethod 7283 0x0000017490d31590 code [0x0000017490d31800, 0x0000017490d32348]
Event: 28.848 Thread 0x00000174a800e580 7284       3       groovyjarjarasm.asm.SymbolTable::hash (10 bytes)
Event: 28.848 Thread 0x00000174a800e580 nmethod 7284 0x0000017490e3cd10 code [0x0000017490e3cea0, 0x0000017490e3cfc8]
Event: 28.848 Thread 0x00000174a800e580 7285       3       groovyjarjarasm.asm.Frame::execute (2318 bytes)
Event: 28.857 Thread 0x00000174a800e580 nmethod 7285 0x0000017490cf6a90 code [0x0000017490cf79c0, 0x0000017490cfe4f8]
Event: 28.857 Thread 0x00000174a800e580 7290       3       org.gradle.internal.operations.DefaultBuildOperationListenerManager$1::finished (48 bytes)
Event: 28.858 Thread 0x00000174a800e580 nmethod 7290 0x0000017490e3a690 code [0x0000017490e3a880, 0x0000017490e3ada8]
Event: 28.858 Thread 0x00000174a800e580 7286       3       com.google.common.cache.LocalCache$Segment::getLiveValue (61 bytes)
Event: 28.881 Thread 0x00000174a800e580 nmethod 7286 0x0000017490db1510 code [0x0000017490db1940, 0x0000017490db39f8]
Event: 28.881 Thread 0x00000174a800e580 7288       3       org.gradle.internal.operations.DefaultBuildOperationExecutor$ListenerAdapter::stop (92 bytes)
Event: 28.886 Thread 0x00000174a800e580 nmethod 7288 0x0000017490e39810 code [0x0000017490e39a40, 0x0000017490e3a2b8]
Event: 28.886 Thread 0x00000174a800e580 7289       3       org.gradle.internal.operations.OperationFinishEvent::<init> (27 bytes)
Event: 28.887 Thread 0x00000174a800e580 nmethod 7289 0x0000017490e39190 code [0x0000017490e39340, 0x0000017490e39578]
Event: 28.887 Thread 0x00000174a800e580 7287       1       org.gradle.api.internal.plugins.PluginInspector$PotentialImperativeClassPlugin::asClass (5 bytes)
Event: 28.887 Thread 0x00000174a800e580 nmethod 7287 0x0000017498939f10 code [0x000001749893a0a0, 0x000001749893a178]

GC Heap History (20 events):
Event: 23.254 GC heap before
{Heap before GC invocations=22 (full 0):
 garbage-first heap   total 80896K, used 58591K [0x0000000080000000, 0x0000000100000000)
  region size 1024K, 14 young (14336K), 2 survivors (2048K)
 Metaspace       used 57082K, committed 57600K, reserved 1105920K
  class space    used 7618K, committed 7808K, reserved 1048576K
}
Event: 23.258 GC heap after
{Heap after GC invocations=23 (full 0):
 garbage-first heap   total 80896K, used 46819K [0x0000000080000000, 0x0000000100000000)
  region size 1024K, 1 young (1024K), 1 survivors (1024K)
 Metaspace       used 57082K, committed 57600K, reserved 1105920K
  class space    used 7618K, committed 7808K, reserved 1048576K
}
Event: 23.684 GC heap before
{Heap before GC invocations=24 (full 0):
 garbage-first heap   total 81920K, used 60131K [0x0000000080000000, 0x0000000100000000)
  region size 1024K, 14 young (14336K), 1 survivors (1024K)
 Metaspace       used 59559K, committed 60096K, reserved 1105920K
  class space    used 7892K, committed 8128K, reserved 1048576K
}
Event: 23.686 GC heap after
{Heap after GC invocations=25 (full 0):
 garbage-first heap   total 81920K, used 47371K [0x0000000080000000, 0x0000000100000000)
  region size 1024K, 1 young (1024K), 1 survivors (1024K)
 Metaspace       used 59559K, committed 60096K, reserved 1105920K
  class space    used 7892K, committed 8128K, reserved 1048576K
}
Event: 23.804 GC heap before
{Heap before GC invocations=25 (full 0):
 garbage-first heap   total 81920K, used 50443K [0x0000000080000000, 0x0000000100000000)
  region size 1024K, 4 young (4096K), 1 survivors (1024K)
 Metaspace       used 60087K, committed 60608K, reserved 1105920K
  class space    used 7950K, committed 8192K, reserved 1048576K
}
Event: 23.811 GC heap after
{Heap after GC invocations=26 (full 0):
 garbage-first heap   total 81920K, used 46782K [0x0000000080000000, 0x0000000100000000)
  region size 1024K, 1 young (1024K), 1 survivors (1024K)
 Metaspace       used 60087K, committed 60608K, reserved 1105920K
  class space    used 7950K, committed 8192K, reserved 1048576K
}
Event: 24.997 GC heap before
{Heap before GC invocations=26 (full 0):
 garbage-first heap   total 81920K, used 61118K [0x0000000080000000, 0x0000000100000000)
  region size 1024K, 16 young (16384K), 1 survivors (1024K)
 Metaspace       used 62200K, committed 62720K, reserved 1105920K
  class space    used 8215K, committed 8448K, reserved 1048576K
}
Event: 25.001 GC heap after
{Heap after GC invocations=27 (full 0):
 garbage-first heap   total 81920K, used 47499K [0x0000000080000000, 0x0000000100000000)
  region size 1024K, 1 young (1024K), 1 survivors (1024K)
 Metaspace       used 62200K, committed 62720K, reserved 1105920K
  class space    used 8215K, committed 8448K, reserved 1048576K
}
Event: 26.188 GC heap before
{Heap before GC invocations=28 (full 0):
 garbage-first heap   total 83968K, used 62859K [0x0000000080000000, 0x0000000100000000)
  region size 1024K, 16 young (16384K), 1 survivors (1024K)
 Metaspace       used 65837K, committed 66368K, reserved 1114112K
  class space    used 8685K, committed 8960K, reserved 1048576K
}
Event: 26.193 GC heap after
{Heap after GC invocations=29 (full 0):
 garbage-first heap   total 83968K, used 49571K [0x0000000080000000, 0x0000000100000000)
  region size 1024K, 2 young (2048K), 2 survivors (2048K)
 Metaspace       used 65837K, committed 66368K, reserved 1114112K
  class space    used 8685K, committed 8960K, reserved 1048576K
}
Event: 26.344 GC heap before
{Heap before GC invocations=29 (full 0):
 garbage-first heap   total 83968K, used 52643K [0x0000000080000000, 0x0000000100000000)
  region size 1024K, 4 young (4096K), 2 survivors (2048K)
 Metaspace       used 65889K, committed 66560K, reserved 1114112K
  class space    used 8692K, committed 9024K, reserved 1048576K
}
Event: 26.350 GC heap after
{Heap after GC invocations=30 (full 0):
 garbage-first heap   total 83968K, used 51062K [0x0000000080000000, 0x0000000100000000)
  region size 1024K, 1 young (1024K), 1 survivors (1024K)
 Metaspace       used 65889K, committed 66560K, reserved 1114112K
  class space    used 8692K, committed 9024K, reserved 1048576K
}
Event: 26.373 GC heap before
{Heap before GC invocations=30 (full 0):
 garbage-first heap   total 83968K, used 53110K [0x0000000080000000, 0x0000000100000000)
  region size 1024K, 4 young (4096K), 1 survivors (1024K)
 Metaspace       used 65889K, committed 66560K, reserved 1114112K
  class space    used 8692K, committed 9024K, reserved 1048576K
}
Event: 26.375 GC heap after
{Heap after GC invocations=31 (full 0):
 garbage-first heap   total 83968K, used 52643K [0x0000000080000000, 0x0000000100000000)
  region size 1024K, 2 young (2048K), 2 survivors (2048K)
 Metaspace       used 65889K, committed 66560K, reserved 1114112K
  class space    used 8692K, committed 9024K, reserved 1048576K
}
Event: 26.765 GC heap before
{Heap before GC invocations=32 (full 0):
 garbage-first heap   total 102400K, used 66979K [0x0000000080000000, 0x0000000100000000)
  region size 1024K, 12 young (12288K), 2 survivors (2048K)
 Metaspace       used 66078K, committed 66624K, reserved 1114112K
  class space    used 8734K, committed 9024K, reserved 1048576K
}
Event: 26.788 GC heap after
{Heap after GC invocations=33 (full 0):
 garbage-first heap   total 102400K, used 51918K [0x0000000080000000, 0x0000000100000000)
  region size 1024K, 1 young (1024K), 1 survivors (1024K)
 Metaspace       used 66078K, committed 66624K, reserved 1114112K
  class space    used 8734K, committed 9024K, reserved 1048576K
}
Event: 27.111 GC heap before
{Heap before GC invocations=33 (full 0):
 garbage-first heap   total 102400K, used 56014K [0x0000000080000000, 0x0000000100000000)
  region size 1024K, 5 young (5120K), 1 survivors (1024K)
 Metaspace       used 66608K, committed 67200K, reserved 1114112K
  class space    used 8802K, committed 9088K, reserved 1048576K
}
Event: 27.123 GC heap after
{Heap after GC invocations=34 (full 0):
 garbage-first heap   total 151552K, used 51762K [0x0000000080000000, 0x0000000100000000)
  region size 1024K, 1 young (1024K), 1 survivors (1024K)
 Metaspace       used 66608K, committed 67200K, reserved 1114112K
  class space    used 8802K, committed 9088K, reserved 1048576K
}
Event: 28.861 GC heap before
{Heap before GC invocations=34 (full 0):
 garbage-first heap   total 151552K, used 99890K [0x0000000080000000, 0x0000000100000000)
  region size 1024K, 48 young (49152K), 1 survivors (1024K)
 Metaspace       used 70044K, committed 70656K, reserved 1114112K
  class space    used 9243K, committed 9536K, reserved 1048576K
}
Event: 28.878 GC heap after
{Heap after GC invocations=35 (full 0):
 garbage-first heap   total 151552K, used 56063K [0x0000000080000000, 0x0000000100000000)
  region size 1024K, 5 young (5120K), 5 survivors (5120K)
 Metaspace       used 70044K, committed 70656K, reserved 1114112K
  class space    used 9243K, committed 9536K, reserved 1048576K
}

Dll operation events (2 events):
Event: 0.032 Loaded shared library C:\Program Files\Android\Android Studio\jbr\bin\java.dll
Event: 0.796 Loaded shared library C:\Program Files\Android\Android Studio\jbr\bin\verify.dll

Deoptimization events (20 events):
Event: 28.200 Thread 0x00000174a9aa5400 Uncommon trap: trap_request=0xffffff45 fr.pc=0x0000017498b09524 relative=0x0000000000000364
Event: 28.200 Thread 0x00000174a9aa5400 Uncommon trap: reason=unstable_if action=reinterpret pc=0x0000017498b09524 method=org.gradle.internal.reflect.PropertyAccessorType.of(Ljava/lang/reflect/Method;)Lorg/gradle/internal/reflect/PropertyAccessorType; @ 56 c2
Event: 28.201 Thread 0x00000174a9aa5400 DEOPT PACKING pc=0x0000017498b09524 sp=0x00000073308f6e90
Event: 28.201 Thread 0x00000174a9aa5400 DEOPT UNPACKING pc=0x00000174982669a3 sp=0x00000073308f6e50 mode 2
Event: 28.272 Thread 0x00000174a9aa5400 Uncommon trap: trap_request=0xffffff45 fr.pc=0x000001749884553c relative=0x000000000000013c
Event: 28.272 Thread 0x00000174a9aa5400 Uncommon trap: reason=unstable_if action=reinterpret pc=0x000001749884553c method=org.objectweb.asm.ByteVector.putByteArray([BII)Lorg/objectweb/asm/ByteVector; @ 20 c2
Event: 28.272 Thread 0x00000174a9aa5400 DEOPT PACKING pc=0x000001749884553c sp=0x00000073308f5230
Event: 28.272 Thread 0x00000174a9aa5400 DEOPT UNPACKING pc=0x00000174982669a3 sp=0x00000073308f5200 mode 2
Event: 28.272 Thread 0x00000174a9aa5400 Uncommon trap: trap_request=0xffffff45 fr.pc=0x0000017498aa7840 relative=0x0000000000000a80
Event: 28.272 Thread 0x00000174a9aa5400 Uncommon trap: reason=unstable_if action=reinterpret pc=0x0000017498aa7840 method=org.objectweb.asm.Label.resolve([BI)Z @ 80 c2
Event: 28.272 Thread 0x00000174a9aa5400 DEOPT PACKING pc=0x0000017498aa7840 sp=0x00000073308f5250
Event: 28.272 Thread 0x00000174a9aa5400 DEOPT UNPACKING pc=0x00000174982669a3 sp=0x00000073308f5170 mode 2
Event: 28.272 Thread 0x00000174a9aa5400 Uncommon trap: trap_request=0xffffff45 fr.pc=0x0000017498aeee20 relative=0x0000000000000200
Event: 28.272 Thread 0x00000174a9aa5400 Uncommon trap: reason=unstable_if action=reinterpret pc=0x0000017498aeee20 method=org.objectweb.asm.Label.resolve([BI)Z @ 80 c2
Event: 28.272 Thread 0x00000174a9aa5400 DEOPT PACKING pc=0x0000017498aeee20 sp=0x00000073308f51e0
Event: 28.272 Thread 0x00000174a9aa5400 DEOPT UNPACKING pc=0x00000174982669a3 sp=0x00000073308f5160 mode 2
Event: 28.643 Thread 0x00000174a9aa5400 Uncommon trap: trap_request=0xffffff45 fr.pc=0x0000017498a2f074 relative=0x0000000000005e94
Event: 28.643 Thread 0x00000174a9aa5400 Uncommon trap: reason=unstable_if action=reinterpret pc=0x0000017498a2f074 method=java.lang.ClassLoader.loadClass(Ljava/lang/String;Z)Ljava/lang/Class; @ 29 c2
Event: 28.643 Thread 0x00000174a9aa5400 DEOPT PACKING pc=0x0000017498a2f074 sp=0x00000073308f45b0
Event: 28.643 Thread 0x00000174a9aa5400 DEOPT UNPACKING pc=0x00000174982669a3 sp=0x00000073308f4628 mode 2

Classes unloaded (0 events):
No events

Classes redefined (0 events):
No events

Internal exceptions (20 events):
Event: 28.664 Thread 0x00000174a9aa5400 Exception <a 'java/lang/ClassNotFoundException'{0x0000000086d43350}: org/gradle/api/internal/DefaultDomainObjectSetBeanInfo> (0x0000000086d43350) 
thrown [s\src\hotspot\share\classfile\systemDictionary.cpp, line 256]
Event: 28.665 Thread 0x00000174a9aa5400 Exception <a 'java/lang/ClassNotFoundException'{0x0000000086d57188}: org/gradle/api/internal/DefaultDomainObjectCollectionBeanInfo> (0x0000000086d57188) 
thrown [s\src\hotspot\share\classfile\systemDictionary.cpp, line 256]
Event: 28.666 Thread 0x00000174a9aa5400 Exception <a 'java/lang/ClassNotFoundException'{0x0000000086d6b098}: org/gradle/api/internal/DefaultDomainObjectCollectionCustomizer> (0x0000000086d6b098) 
thrown [s\src\hotspot\share\classfile\systemDictionary.cpp, line 256]
Event: 28.673 Thread 0x00000174a9aa5400 Exception <a 'java/lang/ClassNotFoundException'{0x0000000086d9d590}: org/gradle/api/internal/DefaultDomainObjectSetCustomizer> (0x0000000086d9d590) 
thrown [s\src\hotspot\share\classfile\systemDictionary.cpp, line 256]
Event: 28.676 Thread 0x00000174a9aa5400 Exception <a 'java/lang/ClassNotFoundException'{0x0000000086dbfbe0}: org/gradle/api/internal/plugins/DefaultPluginCollectionCustomizer> (0x0000000086dbfbe0) 
thrown [s\src\hotspot\share\classfile\systemDictionary.cpp, line 256]
Event: 28.680 Thread 0x00000174a9aa5400 Exception <a 'java/lang/ClassNotFoundException'{0x0000000086df9ae0}: org/gradle/api/internal/plugins/DefaultPluginContainerCustomizer> (0x0000000086df9ae0) 
thrown [s\src\hotspot\share\classfile\systemDictionary.cpp, line 256]
Event: 28.776 Thread 0x00000174a9aa5400 Exception <a 'java/lang/ClassNotFoundException'{0x0000000086957850}: com/android/build/gradle/internal/dsl/BaseAppModuleExtension_DecoratedBeanInfo> (0x0000000086957850) 
thrown [s\src\hotspot\share\classfile\systemDictionary.cpp, line 256]
Event: 28.778 Thread 0x00000174a9aa5400 Exception <a 'java/lang/ClassNotFoundException'{0x0000000086962c50}: com/android/build/gradle/internal/dsl/BaseAppModuleExtensionBeanInfo> (0x0000000086962c50) 
thrown [s\src\hotspot\share\classfile\systemDictionary.cpp, line 256]
Event: 28.780 Thread 0x00000174a9aa5400 Exception <a 'java/lang/ClassNotFoundException'{0x000000008696dbd8}: com/android/build/gradle/AppExtensionBeanInfo> (0x000000008696dbd8) 
thrown [s\src\hotspot\share\classfile\systemDictionary.cpp, line 256]
Event: 28.781 Thread 0x00000174a9aa5400 Exception <a 'java/lang/ClassNotFoundException'{0x0000000086978c58}: com/android/build/gradle/AbstractAppExtensionBeanInfo> (0x0000000086978c58) 
thrown [s\src\hotspot\share\classfile\systemDictionary.cpp, line 256]
Event: 28.782 Thread 0x00000174a9aa5400 Exception <a 'java/lang/ClassNotFoundException'{0x0000000086983f80}: com/android/build/gradle/TestedExtensionBeanInfo> (0x0000000086983f80) 
thrown [s\src\hotspot\share\classfile\systemDictionary.cpp, line 256]
Event: 28.783 Thread 0x00000174a9aa5400 Exception <a 'java/lang/ClassNotFoundException'{0x000000008698f720}: com/android/build/gradle/BaseExtensionBeanInfo> (0x000000008698f720) 
thrown [s\src\hotspot\share\classfile\systemDictionary.cpp, line 256]
Event: 28.784 Thread 0x00000174a9aa5400 Exception <a 'java/lang/ClassNotFoundException'{0x000000008699a9b8}: com/android/build/gradle/BaseExtensionCustomizer> (0x000000008699a9b8) 
thrown [s\src\hotspot\share\classfile\systemDictionary.cpp, line 256]
Event: 28.789 Thread 0x00000174a9aa5400 Exception <a 'java/lang/ClassNotFoundException'{0x00000000869fd8c8}: com/android/build/gradle/TestedExtensionCustomizer> (0x00000000869fd8c8) 
thrown [s\src\hotspot\share\classfile\systemDictionary.cpp, line 256]
Event: 28.792 Thread 0x00000174a9aa5400 Exception <a 'java/lang/ClassNotFoundException'{0x0000000086822f78}: com/android/build/gradle/AbstractAppExtensionCustomizer> (0x0000000086822f78) 
thrown [s\src\hotspot\share\classfile\systemDictionary.cpp, line 256]
Event: 28.794 Thread 0x00000174a9aa5400 Exception <a 'java/lang/ClassNotFoundException'{0x0000000086844090}: com/android/build/gradle/AppExtensionCustomizer> (0x0000000086844090) 
thrown [s\src\hotspot\share\classfile\systemDictionary.cpp, line 256]
Event: 28.797 Thread 0x00000174a9aa5400 Exception <a 'java/lang/ClassNotFoundException'{0x0000000086863cf0}: com/android/build/gradle/internal/dsl/BaseAppModuleExtensionCustomizer> (0x0000000086863cf0) 
thrown [s\src\hotspot\share\classfile\systemDictionary.cpp, line 256]
Event: 28.815 Thread 0x00000174a9aa5400 Exception <a 'java/lang/ClassNotFoundException'{0x0000000086747ad0}: com/android/build/gradle/internal/dsl/BaseAppModuleExtension_DecoratedCustomizer> (0x0000000086747ad0) 
thrown [s\src\hotspot\share\classfile\systemDictionary.cpp, line 256]
Event: 28.842 Thread 0x00000174a9aa5400 Exception <a 'java/lang/ClassNotFoundException'{0x0000000086597788}: org/gradle/api/internal/DefaultDomainObjectSet_DecoratedBeanInfo> (0x0000000086597788) 
thrown [s\src\hotspot\share\classfile\systemDictionary.cpp, line 256]
Event: 28.843 Thread 0x00000174a9aa5400 Exception <a 'java/lang/ClassNotFoundException'{0x00000000865ab6f8}: org/gradle/api/internal/DefaultDomainObjectSet_DecoratedCustomizer> (0x00000000865ab6f8) 
thrown [s\src\hotspot\share\classfile\systemDictionary.cpp, line 256]

VM Operations (20 events):
Event: 26.372 Executing VM operation: G1TryInitiateConcMark
Event: 26.375 Executing VM operation: G1TryInitiateConcMark done
Event: 26.457 Executing VM operation: G1Concurrent
Event: 26.466 Executing VM operation: G1Concurrent done
Event: 26.501 Executing VM operation: G1Concurrent
Event: 26.502 Executing VM operation: G1Concurrent done
Event: 26.765 Executing VM operation: G1CollectForAllocation
Event: 26.789 Executing VM operation: G1CollectForAllocation done
Event: 26.827 Executing VM operation: HandshakeAllThreads
Event: 26.828 Executing VM operation: HandshakeAllThreads done
Event: 27.076 Executing VM operation: HandshakeAllThreads
Event: 27.076 Executing VM operation: HandshakeAllThreads done
Event: 27.110 Executing VM operation: G1CollectForAllocation
Event: 27.123 Executing VM operation: G1CollectForAllocation done
Event: 27.140 Executing VM operation: HandshakeAllThreads
Event: 27.147 Executing VM operation: HandshakeAllThreads done
Event: 28.157 Executing VM operation: Cleanup
Event: 28.157 Executing VM operation: Cleanup done
Event: 28.859 Executing VM operation: G1CollectForAllocation
Event: 28.878 Executing VM operation: G1CollectForAllocation done

Events (20 events):
Event: 28.630 loading class java/util/AbstractListBeanInfo
Event: 28.630 loading class java/util/AbstractListBeanInfo done
Event: 28.630 loading class java/util/AbstractCollectionBeanInfo
Event: 28.630 loading class java/util/AbstractCollectionBeanInfo done
Event: 28.631 loading class java/util/AbstractCollectionBeanInfo
Event: 28.631 loading class java/util/AbstractCollectionBeanInfo done
Event: 28.631 loading class java/util/AbstractCollectionCustomizer
Event: 28.631 loading class java/util/AbstractCollectionCustomizer done
Event: 28.632 loading class java/util/AbstractCollectionCustomizer
Event: 28.632 loading class java/util/AbstractCollectionCustomizer done
Event: 28.633 loading class sun/reflect/generics/reflectiveObjects/GenericArrayTypeImpl
Event: 28.633 loading class sun/reflect/generics/reflectiveObjects/GenericArrayTypeImpl done
Event: 28.634 loading class java/util/AbstractListCustomizer
Event: 28.634 loading class java/util/AbstractListCustomizer done
Event: 28.635 loading class java/util/AbstractListCustomizer
Event: 28.635 loading class java/util/AbstractListCustomizer done
Event: 28.636 loading class java/util/ArrayListCustomizer
Event: 28.636 loading class java/util/ArrayListCustomizer done
Event: 28.637 loading class java/util/ArrayListCustomizer
Event: 28.637 loading class java/util/ArrayListCustomizer done


Dynamic libraries:
0x00007ff6a1510000 - 0x00007ff6a151a000 	C:\Program Files\Android\Android Studio\jbr\bin\java.exe
0x00007ff86fbf0000 - 0x00007ff86fde8000 	C:\WINDOWS\SYSTEM32\ntdll.dll
0x00007ff86e7d0000 - 0x00007ff86e88f000 	C:\WINDOWS\System32\KERNEL32.DLL
0x00007ff86d300000 - 0x00007ff86d5f6000 	C:\WINDOWS\System32\KERNELBASE.dll
0x00007ff86db50000 - 0x00007ff86dc50000 	C:\WINDOWS\System32\ucrtbase.dll
0x00007ff856f50000 - 0x00007ff856f6b000 	C:\Program Files\Android\Android Studio\jbr\bin\VCRUNTIME140.dll
0x00007ff848f50000 - 0x00007ff848f67000 	C:\Program Files\Android\Android Studio\jbr\bin\jli.dll
0x00007ff86e440000 - 0x00007ff86e5dd000 	C:\WINDOWS\System32\USER32.dll
0x00007ff86d6e0000 - 0x00007ff86d702000 	C:\WINDOWS\System32\win32u.dll
0x00007ff86f8a0000 - 0x00007ff86f8cc000 	C:\WINDOWS\System32\GDI32.dll
0x00007ff86d910000 - 0x00007ff86da25000 	C:\WINDOWS\System32\gdi32full.dll
0x00007ff86d710000 - 0x00007ff86d7ad000 	C:\WINDOWS\System32\msvcp_win.dll
0x00007ff856890000 - 0x00007ff856b2a000 	C:\WINDOWS\WinSxS\amd64_microsoft.windows.common-controls_6595b64144ccf1df_6.0.19041.1110_none_60b5254171f9507e\COMCTL32.dll
0x00007ff86dec0000 - 0x00007ff86df5e000 	C:\WINDOWS\System32\msvcrt.dll
0x00007ff86de90000 - 0x00007ff86dec0000 	C:\WINDOWS\System32\IMM32.DLL
0x00007ff86a730000 - 0x00007ff86a73c000 	C:\Program Files\Android\Android Studio\jbr\bin\vcruntime140_1.dll
0x00007ff842560000 - 0x00007ff8425ed000 	C:\Program Files\Android\Android Studio\jbr\bin\msvcp140.dll
0x00007ffffd600000 - 0x00007ffffe26e000 	C:\Program Files\Android\Android Studio\jbr\bin\server\jvm.dll
0x00007ff86df70000 - 0x00007ff86e01f000 	C:\WINDOWS\System32\ADVAPI32.dll
0x00007ff86e730000 - 0x00007ff86e7cc000 	C:\WINDOWS\System32\sechost.dll
0x00007ff86f8d0000 - 0x00007ff86f9f6000 	C:\WINDOWS\System32\RPCRT4.dll
0x00007ff8510a0000 - 0x00007ff8510c7000 	C:\WINDOWS\SYSTEM32\WINMM.dll
0x00007ff866d80000 - 0x00007ff866d8a000 	C:\WINDOWS\SYSTEM32\VERSION.dll
0x00007ff856e50000 - 0x00007ff856e59000 	C:\WINDOWS\SYSTEM32\WSOCK32.dll
0x00007ff86e6c0000 - 0x00007ff86e72b000 	C:\WINDOWS\System32\WS2_32.dll
0x00007ff86bb00000 - 0x00007ff86bb12000 	C:\WINDOWS\SYSTEM32\kernel.appcore.dll
0x00007ff855830000 - 0x00007ff85583a000 	C:\Program Files\Android\Android Studio\jbr\bin\jimage.dll
0x00007ff8620f0000 - 0x00007ff8622d4000 	C:\WINDOWS\SYSTEM32\DBGHELP.DLL
0x00007ff857c80000 - 0x00007ff857cb4000 	C:\WINDOWS\SYSTEM32\dbgcore.DLL
0x00007ff86d600000 - 0x00007ff86d682000 	C:\WINDOWS\System32\bcryptPrimitives.dll
0x00007ff84ebd0000 - 0x00007ff84ebf5000 	C:\Program Files\Android\Android Studio\jbr\bin\java.dll
0x00007ff84ebb0000 - 0x00007ff84ebc8000 	C:\Program Files\Android\Android Studio\jbr\bin\zip.dll
0x00007ff86f0f0000 - 0x00007ff86f834000 	C:\WINDOWS\System32\SHELL32.dll
0x00007ff86b350000 - 0x00007ff86bae3000 	C:\WINDOWS\SYSTEM32\windows.storage.dll
0x00007ff86e020000 - 0x00007ff86e374000 	C:\WINDOWS\System32\combase.dll
0x00007ff86cca0000 - 0x00007ff86ccce000 	C:\WINDOWS\SYSTEM32\Wldp.dll
0x00007ff86dde0000 - 0x00007ff86de8d000 	C:\WINDOWS\System32\SHCORE.dll
0x00007ff86eaf0000 - 0x00007ff86eb45000 	C:\WINDOWS\System32\shlwapi.dll
0x00007ff86d200000 - 0x00007ff86d225000 	C:\WINDOWS\SYSTEM32\profapi.dll
0x00007ff849270000 - 0x00007ff849289000 	C:\Program Files\Android\Android Studio\jbr\bin\net.dll
0x00007ff85f0f0000 - 0x00007ff85f1fa000 	C:\WINDOWS\SYSTEM32\WINHTTP.dll
0x00007ff86c9a0000 - 0x00007ff86ca0a000 	C:\WINDOWS\system32\mswsock.dll
0x00007ff849130000 - 0x00007ff849146000 	C:\Program Files\Android\Android Studio\jbr\bin\nio.dll
0x00007ff855820000 - 0x00007ff855830000 	C:\Program Files\Android\Android Studio\jbr\bin\verify.dll
0x00007ff83cfb0000 - 0x00007ff83cfd7000 	C:\Users\prita\.gradle\native\68d5fa5c4cc2d200863cafc0d521ce42e7d3e7ee720ec0a83991735586a16f82\windows-amd64\native-platform.dll
0x00007ff83adc0000 - 0x00007ff83af04000 	C:\Users\prita\.gradle\native\e376f236ea51e6404a007f0833ffe2c6e607c4080706a723a18a27aeea778392\windows-amd64\native-platform-file-events.dll
0x00007ff855670000 - 0x00007ff855679000 	C:\Program Files\Android\Android Studio\jbr\bin\management.dll
0x00007ff84f580000 - 0x00007ff84f58b000 	C:\Program Files\Android\Android Studio\jbr\bin\management_ext.dll
0x00007ff86e410000 - 0x00007ff86e418000 	C:\WINDOWS\System32\PSAPI.DLL
0x00007ff86cb90000 - 0x00007ff86cba8000 	C:\WINDOWS\SYSTEM32\CRYPTSP.dll
0x00007ff86c2b0000 - 0x00007ff86c2e4000 	C:\WINDOWS\system32\rsaenh.dll
0x00007ff86d2d0000 - 0x00007ff86d2f7000 	C:\WINDOWS\System32\bcrypt.dll
0x00007ff86d180000 - 0x00007ff86d1ae000 	C:\WINDOWS\SYSTEM32\USERENV.dll
0x00007ff86cbb0000 - 0x00007ff86cbbc000 	C:\WINDOWS\SYSTEM32\CRYPTBASE.dll
0x00007ff86c690000 - 0x00007ff86c6cb000 	C:\WINDOWS\SYSTEM32\IPHLPAPI.DLL
0x00007ff86df60000 - 0x00007ff86df68000 	C:\WINDOWS\System32\NSI.dll
0x00007ff8603d0000 - 0x00007ff8603e7000 	C:\WINDOWS\SYSTEM32\dhcpcsvc6.DLL
0x00007ff861410000 - 0x00007ff86142d000 	C:\WINDOWS\SYSTEM32\dhcpcsvc.DLL
0x00007ff86c6d0000 - 0x00007ff86c79a000 	C:\WINDOWS\SYSTEM32\DNSAPI.dll
0x00007ff81ba90000 - 0x00007ff81ba97000 	C:\WINDOWS\system32\wshunix.dll

dbghelp: loaded successfully - version: 4.0.5 - missing functions: none
symbol engine: initialized successfully - sym options: 0x614 - pdb path: .;C:\Program Files\Android\Android Studio\jbr\bin;C:\WINDOWS\SYSTEM32;C:\WINDOWS\WinSxS\amd64_microsoft.windows.common-controls_6595b64144ccf1df_6.0.19041.1110_none_60b5254171f9507e;C:\Program Files\Android\Android Studio\jbr\bin\server;C:\Users\prita\.gradle\native\68d5fa5c4cc2d200863cafc0d521ce42e7d3e7ee720ec0a83991735586a16f82\windows-amd64;C:\Users\prita\.gradle\native\e376f236ea51e6404a007f0833ffe2c6e607c4080706a723a18a27aeea778392\windows-amd64

VM Arguments:
jvm_args: --add-opens=java.base/java.util=ALL-UNNAMED --add-opens=java.base/java.lang=ALL-UNNAMED --add-opens=java.base/java.lang.invoke=ALL-UNNAMED --add-opens=java.prefs/java.util.prefs=ALL-UNNAMED --add-opens=java.base/java.nio.charset=ALL-UNNAMED --add-opens=java.base/java.net=ALL-UNNAMED --add-opens=java.base/java.util.concurrent.atomic=ALL-UNNAMED -Xmx2048m -Dfile.encoding=UTF-8 -Duser.country=US -Duser.language=en -Duser.variant 
java_command: org.gradle.launcher.daemon.bootstrap.GradleDaemon 8.0
java_class_path (initial): C:\Users\prita\.gradle\wrapper\dists\gradle-8.0-bin\ca5e32bp14vu59qr306oxotwh\gradle-8.0\lib\gradle-launcher-8.0.jar
Launcher Type: SUN_STANDARD

[Global flags]
     intx CICompilerCount                          = 4                                         {product} {ergonomic}
     uint ConcGCThreads                            = 2                                         {product} {ergonomic}
     uint G1ConcRefinementThreads                  = 8                                         {product} {ergonomic}
   size_t G1HeapRegionSize                         = 1048576                                   {product} {ergonomic}
    uintx GCDrainStackTargetSize                   = 64                                        {product} {ergonomic}
   size_t InitialHeapSize                          = 65011712                                  {product} {ergonomic}
   size_t MarkStackSize                            = 4194304                                   {product} {ergonomic}
   size_t MaxHeapSize                              = 2147483648                                {product} {command line}
   size_t MaxNewSize                               = 1287651328                                {product} {ergonomic}
   size_t MinHeapDeltaBytes                        = 1048576                                   {product} {ergonomic}
   size_t MinHeapSize                              = 8388608                                   {product} {ergonomic}
    uintx NonNMethodCodeHeapSize                   = 5839372                                {pd product} {ergonomic}
    uintx NonProfiledCodeHeapSize                  = 122909434                              {pd product} {ergonomic}
    uintx ProfiledCodeHeapSize                     = 122909434                              {pd product} {ergonomic}
    uintx ReservedCodeCacheSize                    = 251658240                              {pd product} {ergonomic}
     bool SegmentedCodeCache                       = true                                      {product} {ergonomic}
   size_t SoftMaxHeapSize                          = 2147483648                             {manageable} {ergonomic}
     bool UseCompressedClassPointers               = true                           {product lp64_product} {ergonomic}
     bool UseCompressedOops                        = true                           {product lp64_product} {ergonomic}
     bool UseG1GC                                  = true                                      {product} {ergonomic}
     bool UseLargePagesIndividualAllocation        = false                                  {pd product} {ergonomic}

Logging:
Log output configuration:
 #0: stdout all=warning uptime,level,tags
 #1: stderr all=off uptime,level,tags

Environment Variables:
PATH=C:\Program Files\Common Files\Oracle\Java\javapath;C:\Program Files (x86)\Common Files\Oracle\Java\javapath;C:\WINDOWS\system32;C:\WINDOWS;C:\WINDOWS\System32\Wbem;C:\WINDOWS\System32\WindowsPowerShell\v1.0\;C:\WINDOWS\System32\OpenSSH\;C:\Program Files\Git\cmd;C:\Program Files\MySQL\MySQL Server 8.0\bin;C:\Program Files\MySQL\MySQL Shell 8.0\bin\;C:\Users\prita\AppData\Local\Microsoft\WindowsApps;
USERNAME=prita
OS=Windows_NT
PROCESSOR_IDENTIFIER=Intel64 Family 6 Model 142 Stepping 12, GenuineIntel
TMP=C:\Users\prita\AppData\Local\Temp
TEMP=C:\Users\prita\AppData\Local\Temp


JNI global refs:
JNI global refs: 25, weak refs: 1

JNI global refs memory usage: 843, weak refs: 841


---------------  S Y S T E M  ---------------

OS:
 Windows 10 , 64 bit Build 19041 (10.0.19041.3155)
OS uptime: 6 days 3:42 hours

CPU: total 8 (initial active 8) (4 cores per cpu, 2 threads per core) family 6 model 142 stepping 12 microcode 0xea, cx8, cmov, fxsr, ht, mmx, 3dnowpref, sse, sse2, sse3, ssse3, sse4.1, sse4.2, popcnt, lzcnt, tsc, tscinvbit, avx, avx2, aes, erms, clmul, bmi1, bmi2, adx, fma, vzeroupper, clflush, clflushopt

Memory: 4k page, system-wide physical 3899M (226M free)
TotalPageFile size 15675M (AvailPageFile size 3M)
current process WorkingSet (physical memory assigned to process): 194M, peak: 201M
current process commit charge ("private bytes"): 377M, peak: 379M

vm_info: OpenJDK 64-Bit Server VM (17.0.6+0-b2043.56-10027231) for windows-amd64 JRE (17.0.6+0-b2043.56-10027231), built on Apr 28 2023 00:43:19 by "androidbuild" with MS VC++ 16.10 / 16.11 (VS2019)

END.
